\BOOKMARK [0][-]{chapter.1}{\376\377\000I\000n\000d\000e\000x\000\040\000d\000e\000s\000\040\000s\000t\000r\000u\000c\000t\000u\000r\000e\000s\000\040\000d\000e\000\040\000d\000o\000n\000n\000\351\000e\000s}{}% 1
\BOOKMARK [1][-]{section.1.1}{\376\377\000S\000t\000r\000u\000c\000t\000u\000r\000e\000s\000\040\000d\000e\000\040\000d\000o\000n\000n\000\351\000e\000s}{chapter.1}% 2
\BOOKMARK [0][-]{chapter.2}{\376\377\000I\000n\000d\000e\000x\000\040\000d\000e\000s\000\040\000f\000i\000c\000h\000i\000e\000r\000s}{}% 3
\BOOKMARK [1][-]{section.2.1}{\376\377\000L\000i\000s\000t\000e\000\040\000d\000e\000s\000\040\000f\000i\000c\000h\000i\000e\000r\000s}{chapter.2}% 4
\BOOKMARK [0][-]{chapter.3}{\376\377\000D\000o\000c\000u\000m\000e\000n\000t\000a\000t\000i\000o\000n\000\040\000d\000e\000s\000\040\000s\000t\000r\000u\000c\000t\000u\000r\000e\000s\000\040\000d\000e\000\040\000d\000o\000n\000n\000\351\000e\000s}{}% 5
\BOOKMARK [1][-]{section.3.1}{\376\377\000R\000\351\000f\000\351\000r\000e\000n\000c\000e\000\040\000d\000e\000\040\000l\000a\000\040\000s\000t\000r\000u\000c\000t\000u\000r\000e\000\040\000C\000a\000s\000e}{chapter.3}% 6
\BOOKMARK [1][-]{section.3.2}{\376\377\000R\000\351\000f\000\351\000r\000e\000n\000c\000e\000\040\000d\000e\000\040\000l\000a\000\040\000s\000t\000r\000u\000c\000t\000u\000r\000e\000\040\000D\000i\000c\000o}{chapter.3}% 7
\BOOKMARK [1][-]{section.3.3}{\376\377\000R\000\351\000f\000\351\000r\000e\000n\000c\000e\000\040\000d\000e\000\040\000l\000a\000\040\000s\000t\000r\000u\000c\000t\000u\000r\000e\000\040\000J\000e\000u}{chapter.3}% 8
\BOOKMARK [1][-]{section.3.4}{\376\377\000R\000\351\000f\000\351\000r\000e\000n\000c\000e\000\040\000d\000e\000\040\000l\000a\000\040\000s\000t\000r\000u\000c\000t\000u\000r\000e\000\040\000P\000l\000a\000t\000e\000a\000u}{chapter.3}% 9
\BOOKMARK [1][-]{section.3.5}{\376\377\000R\000\351\000f\000\351\000r\000e\000n\000c\000e\000\040\000d\000e\000\040\000l\000a\000\040\000s\000t\000r\000u\000c\000t\000u\000r\000e\000\040\000S\000o\000l\000u\000t\000i\000o\000n}{chapter.3}% 10
\BOOKMARK [0][-]{chapter.4}{\376\377\000D\000o\000c\000u\000m\000e\000n\000t\000a\000t\000i\000o\000n\000\040\000d\000e\000s\000\040\000f\000i\000c\000h\000i\000e\000r\000s}{}% 11
\BOOKMARK [1][-]{section.4.1}{\376\377\000R\000\351\000f\000\351\000r\000e\000n\000c\000e\000\040\000d\000u\000\040\000f\000i\000c\000h\000i\000e\000r\000\040\000d\000i\000c\000t\000i\000o\000n\000n\000a\000i\000r\000e\000.\000c}{chapter.4}% 12
\BOOKMARK [2][-]{subsection.4.1.1}{\376\377\000D\000e\000s\000c\000r\000i\000p\000t\000i\000o\000n\000\040\000d\000\351\000t\000a\000i\000l\000l\000\351\000e}{section.4.1}% 13
\BOOKMARK [2][-]{subsection.4.1.2}{\376\377\000D\000o\000c\000u\000m\000e\000n\000t\000a\000t\000i\000o\000n\000\040\000d\000e\000s\000\040\000f\000o\000n\000c\000t\000i\000o\000n\000s}{section.4.1}% 14
\BOOKMARK [3][-]{subsubsection.4.1.2.1}{\376\377\000d\000i\000c\000t\000i\000o\000n\000n\000a\000i\000r\000e\000\137\000n\000o\000u\000v\000e\000a\000u}{subsection.4.1.2}% 15
\BOOKMARK [3][-]{subsubsection.4.1.2.2}{\376\377\000d\000i\000c\000t\000i\000o\000n\000n\000a\000i\000r\000e\000\137\000r\000e\000c\000h\000e\000r\000c\000h\000e\000D\000i\000c\000h\000o\000t\000o\000m\000i\000q\000u\000e}{subsection.4.1.2}% 16
\BOOKMARK [3][-]{subsubsection.4.1.2.3}{\376\377\000d\000i\000c\000t\000o\000n\000n\000a\000i\000r\000e\000\137\000m\000o\000t\000D\000a\000n\000s\000D\000i\000c\000o}{subsection.4.1.2}% 17
\BOOKMARK [1][-]{section.4.2}{\376\377\000R\000\351\000f\000\351\000r\000e\000n\000c\000e\000\040\000d\000u\000\040\000f\000i\000c\000h\000i\000e\000r\000\040\000i\000n\000t\000e\000r\000f\000a\000c\000e\000N\000c\000u\000r\000s\000e\000s\000.\000c}{chapter.4}% 18
\BOOKMARK [2][-]{subsection.4.2.1}{\376\377\000D\000e\000s\000c\000r\000i\000p\000t\000i\000o\000n\000\040\000d\000\351\000t\000a\000i\000l\000l\000\351\000e}{section.4.2}% 19
\BOOKMARK [1][-]{section.4.3}{\376\377\000R\000\351\000f\000\351\000r\000e\000n\000c\000e\000\040\000d\000u\000\040\000f\000i\000c\000h\000i\000e\000r\000\040\000j\000e\000u\000.\000c}{chapter.4}% 20
\BOOKMARK [2][-]{subsection.4.3.1}{\376\377\000D\000e\000s\000c\000r\000i\000p\000t\000i\000o\000n\000\040\000d\000\351\000t\000a\000i\000l\000l\000\351\000e}{section.4.3}% 21
\BOOKMARK [2][-]{subsection.4.3.2}{\376\377\000D\000o\000c\000u\000m\000e\000n\000t\000a\000t\000i\000o\000n\000\040\000d\000e\000s\000\040\000f\000o\000n\000c\000t\000i\000o\000n\000s}{section.4.3}% 22
\BOOKMARK [3][-]{subsubsection.4.3.2.1}{\376\377\000j\000e\000u\000\137\000c\000o\000m\000p\000t\000e\000u\000r\000C\000l\000a\000q\000u\000e}{subsection.4.3.2}% 23
\BOOKMARK [3][-]{subsubsection.4.3.2.2}{\376\377\000j\000e\000u\000\137\000l\000a\000n\000c\000e\000r}{subsection.4.3.2}% 24
\BOOKMARK [3][-]{subsubsection.4.3.2.3}{\376\377\000j\000e\000u\000\137\000l\000a\000n\000c\000e\000r\000M\000o\000d\000e\000T\000e\000x\000t\000e}{subsection.4.3.2}% 25
\BOOKMARK [3][-]{subsubsection.4.3.2.4}{\376\377\000j\000e\000u\000\137\000n\000o\000u\000v\000e\000a\000u}{subsection.4.3.2}% 26
\BOOKMARK [3][-]{subsubsection.4.3.2.5}{\376\377\000j\000e\000u\000\137\000p\000r\000o\000p\000o\000s\000e\000r\000M\000o\000t}{subsection.4.3.2}% 27
\BOOKMARK [3][-]{subsubsection.4.3.2.6}{\376\377\000j\000e\000u\000\137\000s\000t\000o\000p\000p\000e\000r}{subsection.4.3.2}% 28
\BOOKMARK [3][-]{subsubsection.4.3.2.7}{\376\377\000j\000e\000u\000\137\000t\000e\000m\000p\000s\000R\000e\000s\000t\000a\000n\000t}{subsection.4.3.2}% 29
\BOOKMARK [1][-]{section.4.4}{\376\377\000R\000\351\000f\000\351\000r\000e\000n\000c\000e\000\040\000d\000u\000\040\000f\000i\000c\000h\000i\000e\000r\000\040\000p\000l\000a\000t\000e\000a\000u\000.\000c}{chapter.4}% 30
\BOOKMARK [2][-]{subsection.4.4.1}{\376\377\000D\000e\000s\000c\000r\000i\000p\000t\000i\000o\000n\000\040\000d\000\351\000t\000a\000i\000l\000l\000\351\000e}{section.4.4}% 31
\BOOKMARK [2][-]{subsection.4.4.2}{\376\377\000D\000o\000c\000u\000m\000e\000n\000t\000a\000t\000i\000o\000n\000\040\000d\000e\000s\000\040\000f\000o\000n\000c\000t\000i\000o\000n\000s}{section.4.4}% 32
\BOOKMARK [3][-]{subsubsection.4.4.2.1}{\376\377\000p\000l\000a\000t\000e\000a\000u\000\137\000c\000h\000o\000i\000s\000i\000r\000L\000e\000t\000t\000r\000e}{subsection.4.4.2}% 33
\BOOKMARK [3][-]{subsubsection.4.4.2.2}{\376\377\000p\000l\000a\000t\000e\000a\000u\000\137\000d\000e\000t\000r\000u\000i\000r\000e}{subsection.4.4.2}% 34
\BOOKMARK [3][-]{subsubsection.4.4.2.3}{\376\377\000p\000l\000a\000t\000e\000a\000u\000\137\000n\000o\000u\000v\000e\000a\000u}{subsection.4.4.2}% 35
\BOOKMARK [3][-]{subsubsection.4.4.2.4}{\376\377\000p\000l\000a\000t\000e\000a\000u\000\137\000p\000r\000o\000b\000a\000L\000e\000t\000t\000r\000e}{subsection.4.4.2}% 36
\BOOKMARK [3][-]{subsubsection.4.4.2.5}{\376\377\000p\000l\000a\000t\000e\000a\000u\000\137\000r\000e\000m\000p\000l\000i\000r\000G\000r\000i\000l\000l\000e\000A\000l\000e\000a\000t\000o\000i\000r\000e}{subsection.4.4.2}% 37
\BOOKMARK [3][-]{subsubsection.4.4.2.6}{\376\377\000p\000l\000a\000t\000e\000a\000u\000\137\000r\000e\000m\000p\000l\000i\000r\000G\000r\000i\000l\000l\000e\000P\000r\000e\000d\000e\000f\000i\000n\000i\000e}{subsection.4.4.2}% 38
\BOOKMARK [1][-]{section.4.5}{\376\377\000R\000\351\000f\000\351\000r\000e\000n\000c\000e\000\040\000d\000u\000\040\000f\000i\000c\000h\000i\000e\000r\000\040\000r\000e\000s\000o\000l\000v\000e\000u\000r\000.\000c}{chapter.4}% 39
\BOOKMARK [2][-]{subsection.4.5.1}{\376\377\000D\000e\000s\000c\000r\000i\000p\000t\000i\000o\000n\000\040\000d\000\351\000t\000a\000i\000l\000l\000\351\000e}{section.4.5}% 40
\BOOKMARK [2][-]{subsection.4.5.2}{\376\377\000D\000o\000c\000u\000m\000e\000n\000t\000a\000t\000i\000o\000n\000\040\000d\000e\000s\000\040\000f\000o\000n\000c\000t\000i\000o\000n\000s}{section.4.5}% 41
\BOOKMARK [3][-]{subsubsection.4.5.2.1}{\376\377\000r\000e\000c\000u\000r\000s\000e}{subsection.4.5.2}% 42
\BOOKMARK [3][-]{subsubsection.4.5.2.2}{\376\377\000r\000e\000s\000o\000l\000v\000e\000u\000r}{subsection.4.5.2}% 43
\BOOKMARK [1][-]{section.4.6}{\376\377\000R\000\351\000f\000\351\000r\000e\000n\000c\000e\000\040\000d\000u\000\040\000f\000i\000c\000h\000i\000e\000r\000\040\000u\000t\000i\000l\000.\000c}{chapter.4}% 44
\BOOKMARK [2][-]{subsection.4.6.1}{\376\377\000D\000e\000s\000c\000r\000i\000p\000t\000i\000o\000n\000\040\000d\000\351\000t\000a\000i\000l\000l\000\351\000e}{section.4.6}% 45
\BOOKMARK [2][-]{subsection.4.6.2}{\376\377\000D\000o\000c\000u\000m\000e\000n\000t\000a\000t\000i\000o\000n\000\040\000d\000e\000s\000\040\000f\000o\000n\000c\000t\000i\000o\000n\000s}{section.4.6}% 46
\BOOKMARK [3][-]{subsubsection.4.6.2.1}{\376\377\000u\000t\000i\000l\000\137\000a\000f\000f\000i\000c\000h\000a\000g\000e\000D\000e\000b\000u\000g}{subsection.4.6.2}% 47
\BOOKMARK [3][-]{subsubsection.4.6.2.2}{\376\377\000u\000t\000i\000l\000\137\000c\000o\000n\000v\000e\000r\000s\000i\000o\000n\000T\000e\000m\000p\000s}{subsection.4.6.2}% 48
\BOOKMARK [3][-]{subsubsection.4.6.2.3}{\376\377\000u\000t\000i\000l\000\137\000d\000e\000p\000l\000a\000c\000e\000r\000C\000u\000r\000s\000e\000u\000r\000D\000u\000n\000M\000o\000t}{subsection.4.6.2}% 49
\BOOKMARK [3][-]{subsubsection.4.6.2.4}{\376\377\000u\000t\000i\000l\000\137\000e\000c\000h\000a\000n\000g\000e\000r}{subsection.4.6.2}% 50
\BOOKMARK [3][-]{subsubsection.4.6.2.5}{\376\377\000u\000t\000i\000l\000\137\000i\000s\000I\000n\000A\000r\000r\000a\000y}{subsection.4.6.2}% 51
\BOOKMARK [3][-]{subsubsection.4.6.2.6}{\376\377\000u\000t\000i\000l\000\137\000n\000b\000A\000l\000e\000a\000t\000o\000i\000r\000e}{subsection.4.6.2}% 52
\BOOKMARK [3][-]{subsubsection.4.6.2.7}{\376\377\000u\000t\000i\000l\000\137\000q\000u\000i\000c\000k\000S\000o\000r\000t}{subsection.4.6.2}% 53
\BOOKMARK [3][-]{subsubsection.4.6.2.8}{\376\377\000u\000t\000i\000l\000\137\000s\000u\000b\000s\000t\000r}{subsection.4.6.2}% 54
\BOOKMARK [3][-]{subsubsection.4.6.2.9}{\376\377\000u\000t\000i\000l\000\137\000s\000u\000p\000p\000r\000i\000m\000e\000r\000A\000c\000c\000e\000n\000t\000s}{subsection.4.6.2}% 55
\BOOKMARK [3][-]{subsubsection.4.6.2.10}{\376\377\000u\000t\000i\000l\000\137\000u\000p\000p\000e\000r\000c\000a\000s\000e}{subsection.4.6.2}% 56
